<?xml version="1.0" encoding="UTF-8"?>
<!-- Generated by org.testng.reporters.JUnitXMLReporter -->
<testsuite hostname="Mario" ignored="0" name="pages" tests="3" failures="1" timestamp="08 Nov 2018 15:17:29 GMT" time="17.405" errors="0">
  <testcase name="i_the_user_is_logged_in" time="11.91" classname="tests.ViewDashboard"/>
  <testcase name="i_go_to_dashboard" time="3.664" classname="tests.ViewDashboard"/>
  <testcase name="i_The_user_shall_view_his_contracts_and_subscribers" time="0.908" classname="tests.ViewDashboard">
    <failure type="java.lang.AssertionError" message="expected [dashboard:mobile] but found [accordion-id]">
      <![CDATA[java.lang.AssertionError: expected [dashboard:mobile] but found [accordion-id]
at tests.ViewDashboard.i_The_user_shall_view_his_contracts_and_subscribers(ViewDashboard.java:53)
... Removed 31 stack frames]]>
    </failure>
  </testcase> <!-- i_The_user_shall_view_his_contracts_and_subscribers -->
</testsuite> <!-- pages -->
