<?xml version="1.0" encoding="UTF-8"?>
<!-- Generated by org.testng.reporters.JUnitXMLReporter -->
<testsuite hostname="Mario" ignored="0" name="pages" tests="3" failures="0" timestamp="05 Nov 2018 14:12:23 GMT" time="13.566" errors="0">
  <testcase name="i_the_user_is_logged_in" time="2.689" classname="tests.ViewDashboard"/>
  <testcase name="i_go_to_dashboard" time="8.89" classname="tests.ViewDashboard"/>
  <testcase name="i_The_user_shall_view_his_contracts_and_subscribers" time="1.458" classname="tests.ViewDashboard"/>
</testsuite> <!-- pages -->
